Diagnose log at 2025-03-02T09:58:18Z

AppPath: C:\Program Files\Git\mingw64\bin\git-credential-manager.exe
InstallDir: C:\Program Files\Git\mingw64\bin\
Version: 2.6.1+786ab03440ddc82e807a97c0e540f5247e44cec6

------------
Diagnostic: Environment
Skipped: False
Success: True
Exception: None
Log:
OSType: Windows
OSVersion: 10.0 (build 26100)
Reading environment variables... OK
 Variables:
HOMEPATH=\Users\vino
DriverData=C:\Windows\System32\Drivers\DriverData
COMPUTERNAME=LAPTOP-NHGCN71N
GIT_TRACE2_PARENT_SID=f216c7d9-f010-472e-a0f7-08db48cae69d
CommonProgramFiles(x86)=C:\Program Files (x86)\Common Files
OneDrive=C:\Users\vino\OneDrive
ChocolateyLastPathUpdate=133674002756148460
RegionCode=APJ
BUNDLED_DEBUGPY_PATH=c:\Users\vino\.vscode\extensions\ms-python.debugpy-2025.0.1-win32-x64\bundled\libs\debugpy
LANG=en_US.UTF-8
TMP=C:\Users\vino\AppData\Local\Temp
PROCESSOR_REVISION=8c02
PYDEVD_DISABLE_FILE_VALIDATION=1
PATHEXT=.COM;.EXE;.BAT;.CMD;.VBS;.VBE;.JS;.JSE;.WSF;.WSH;.MSC;.CPL
GIT_ASKPASS=c:\Users\vino\AppData\Local\Programs\Microsoft VS Code\resources\app\extensions\git\dist\askpass.sh
GIT_EXEC_PATH=C:/Program Files/Git/mingw64/libexec/git-core
TEMP=C:\Users\vino\AppData\Local\Temp
LOCALAPPDATA=C:\Users\vino\AppData\Local
MSYSTEM=MINGW64
TERM=xterm-256color
COLORTERM=truecolor
windir=C:\WINDOWS
USERDOMAIN=LAPTOP-NHGCN71N
ProgramFiles(x86)=C:\Program Files (x86)
platformcode=KV
Path=C:/Program Files/Git/mingw64/libexec/git-core;C:\Program Files\Git\mingw64\bin;C:\Program Files\Git\usr\bin;C:\Users\vino\bin;C:\windows\system32;C:\windows;C:\windows\System32\Wbem;C:\windows\System32\WindowsPowerShell\v1.0\;C:\windows\System32\OpenSSH\;C:\Program Files\HP\HP One Agent;C:\ProgramData\chocolatey\bin;C:\Program Files\nodejs\;C:\WINDOWS\system32;C:\WINDOWS;C:\WINDOWS\System32\Wbem;C:\WINDOWS\System32\WindowsPowerShell\v1.0\;C:\WINDOWS\System32\OpenSSH\;C:\Program Files\Git\cmd;C:\Program Files\Git\bin;C:\Users\vino\Programs\Python\Python312\Scripts\;C:\Users\vino\Programs\Python\Python312\;C:\Users\vino\AppData\Local\Microsoft\WindowsApps;C:\Users\vino\AppData\Local\Programs\Microsoft VS Code\bin;C:\Users\vino\AppData\Local\GitHubDesktop\bin;C:\Users\vino\AppData\Roaming\npm;;c:\Users\vino\.vscode\extensions\ms-python.debugpy-2025.0.1-win32-x64\bundled\scripts\noConfigScripts
TERM_PROGRAM=vscode
PROCESSOR_LEVEL=6
PROCESSOR_IDENTIFIER=Intel64 Family 6 Model 140 Stepping 2, GenuineIntel
TMPDIR=C:\Users\vino\AppData\Local\Temp
VSCODE_GIT_ASKPASS_EXTRA_ARGS=
VSCODE_GIT_ASKPASS_NODE=C:\Users\vino\AppData\Local\Programs\Microsoft VS Code\Code.exe
TERM_PROGRAM_VERSION=1.97.2
VSCODE_GIT_ASKPASS_MAIN=c:\Users\vino\AppData\Local\Programs\Microsoft VS Code\resources\app\extensions\git\dist\askpass-main.js
PSModulePath=C:\Users\vino\Documents\WindowsPowerShell\Modules;C:\Program Files\WindowsPowerShell\Modules;C:\WINDOWS\system32\WindowsPowerShell\v1.0\Modules
PUBLIC=C:\Users\Public
NUMBER_OF_PROCESSORS=4
SESSIONNAME=Console
CommonProgramFiles=C:\Program Files (x86)\Common Files
VSCODE_INJECTION=1
VSCODE_NONCE=5b901e7a-3d5c-4bdf-ae35-8d1b96c4e6e1
VSCODE_GIT_IPC_HANDLE=\\.\pipe\vscode-git-c632b83223-sock
CHROME_CRASHPAD_PIPE_NAME=\\.\pipe\crashpad_18924_HAOVLXJNIJMRWZZK
PLINK_PROTOCOL=ssh
ProgramData=C:\ProgramData
ProgramW6432=C:\Program Files
ProgramFiles=C:\Program Files (x86)
OnlineServices=Online Services
DEBUGPY_ADAPTER_ENDPOINTS=c:\Users\vino\.vscode\extensions\ms-python.debugpy-2025.0.1-win32-x64\.noConfigDebugAdapterEndpoints\endpoint-d6f6de2e6ca8b652.txt
SystemRoot=C:\WINDOWS
ORIGINAL_XDG_CURRENT_DESKTOP=undefined
HOME=C:\Users\vino
VSCODE_STABLE=1
CommonProgramW6432=C:\Program Files\Common Files
ZES_ENABLE_SYSMAN=1
LOGONSERVER=\\LAPTOP-NHGCN71N
USERPROFILE=C:\Users\vino
USERDOMAIN_ROAMINGPROFILE=LAPTOP-NHGCN71N
APPDATA=C:\Users\vino\AppData\Roaming
HOMEDRIVE=C:
OPENSSL_CONF=C:\Program Files\PostgreSQL\psqlODBC\etc\openssl.cnf
USERNAME=vino
PROCESSOR_ARCHITEW6432=AMD64
PROCESSOR_ARCHITECTURE=x86
OS=Windows_NT
ComSpec=C:\WINDOWS\system32\cmd.exe
SystemDrive=C:
EFC_11232=1
OneDriveConsumer=C:\Users\vino\OneDrive
ALLUSERSPROFILE=C:\ProgramData


------------
Diagnostic: File system
Skipped: False
Success: True
Exception: None
Log:
Temporary directory is 'C:\Users\vino\AppData\Local\Temp\'...
Checking basic file I/O...
Writing to temporary file 'C:\Users\vino\AppData\Local\Temp\fab74dada82473d0d8a6a818'... OK
Reading from temporary file 'C:\Users\vino\AppData\Local\Temp\fab74dada82473d0d8a6a818'... OK
Deleting temporary file 'C:\Users\vino\AppData\Local\Temp\fab74dada82473d0d8a6a818'... OK
Testing IFileSystem instance...
UserHomePath: C:\Users\vino
UserDataDirectoryPath: C:\Users\vino\.gcm
GetCurrentDirectory(): C:\Users\vino\django-demo\blogproject

------------
Diagnostic: Networking
Skipped: False
Success: True
Exception: None
Log:
Checking networking and HTTP stack...
Creating HTTP client... OK
IsNetworkAvailable: True
Sending HEAD request to http://example.com...Sending HEAD request to https://example.com... OK
 OK
Acquiring free TCP port... OK
Testing local HTTP loopback connections...
Creating new HTTP listener for http://localhost:59188/... OK
Waiting for loopback connection... OK
Writing response... OK
Waiting for response data... OK
Loopback connection data OK

------------
Diagnostic: Git
Skipped: False
Success: True
Exception: None
Log:
Getting Git version... OK
Git version is '2.48.1.windows.1'
Locating current repository...Git repository at 'C:/Users/vino/django-demo/blogproject/.git'
 OK
Listing all Git configuration... OK
Git configuration:
file:C:/Program Files/Git/etc/gitconfig	diff.astextplain.textconv=astextplain
file:C:/Program Files/Git/etc/gitconfig	filter.lfs.clean=git-lfs clean -- %f
file:C:/Program Files/Git/etc/gitconfig	filter.lfs.smudge=git-lfs smudge -- %f
file:C:/Program Files/Git/etc/gitconfig	filter.lfs.process=git-lfs filter-process
file:C:/Program Files/Git/etc/gitconfig	filter.lfs.required=true
file:C:/Program Files/Git/etc/gitconfig	http.sslbackend=schannel
file:C:/Program Files/Git/etc/gitconfig	core.autocrlf=true
file:C:/Program Files/Git/etc/gitconfig	core.fscache=true
file:C:/Program Files/Git/etc/gitconfig	core.symlinks=false
file:C:/Program Files/Git/etc/gitconfig	pull.rebase=false
file:C:/Program Files/Git/etc/gitconfig	credential.helper=manager
file:C:/Program Files/Git/etc/gitconfig	credential.https://dev.azure.com.usehttppath=true
file:C:/Program Files/Git/etc/gitconfig	init.defaultbranch=master
file:C:/Users/vino/.gitconfig	filter.lfs.clean=git-lfs clean -- %f
file:C:/Users/vino/.gitconfig	filter.lfs.smudge=git-lfs smudge -- %f
file:C:/Users/vino/.gitconfig	filter.lfs.process=git-lfs filter-process
file:C:/Users/vino/.gitconfig	filter.lfs.required=true
file:C:/Users/vino/.gitconfig	user.email=vinomurugavel@gmail.com
file:C:/Users/vino/.gitconfig	user.name=vino
file:.git/config	core.repositoryformatversion=0
file:.git/config	core.filemode=false
file:.git/config	core.bare=false
file:.git/config	core.logallrefupdates=true
file:.git/config	core.symlinks=false
file:.git/config	core.ignorecase=true
file:.git/config	remote.origin.url=https://github.com/vinomurugavel/blog.git
file:.git/config	remote.origin.fetch=+refs/heads/*:refs/remotes/origin/*


------------
Diagnostic: Credential storage
Skipped: False
Success: True
Exception: None
Log:
ICredentialStore instance is of type: CredentialStore
Writing test credential... OK
Reading test credential... OK
Deleting test credential... OK

------------
Diagnostic: Microsoft authentication (AAD/MSA)
Skipped: False
Success: True
Exception: None
Log:
Broker is not enabled.
Flow type is: Auto
Gathering MSAL token cache data... OK
CacheDirectory: C:\Users\vino\AppData\Local\.IdentityService
CacheFileName: msal.cache
CacheFilePath: C:\Users\vino\AppData\Local\.IdentityService\msal.cache
Creating cache helper... OK
Verifying MSAL token cache persistence... OK

------------
Diagnostic: GitHub API
Skipped: False
Success: True
Exception: None
Log:
Using 'https://github.com/' as API target.
Querying '/meta' endpoint... OK

